[0.373s] DEBUG:colcon:Command line arguments: ['/usr/bin/colcon', 'build']
[0.373s] DEBUG:colcon:Parsed command line arguments: Namespace(log_base=None, log_level=None, verb_name='build', build_base='build', install_base='install', merge_install=False, symlink_install=False, test_result_base=None, continue_on_error=False, executor='parallel', parallel_workers=12, event_handlers=None, ignore_user_meta=False, metas=['./colcon.meta'], base_paths=['.'], packages_ignore=None, packages_ignore_regex=None, paths=None, packages_up_to=None, packages_up_to_regex=None, packages_above=None, packages_above_and_dependencies=None, packages_above_depth=None, packages_select_by_dep=None, packages_skip_by_dep=None, packages_skip_up_to=None, packages_select_build_failed=False, packages_skip_build_finished=False, packages_select_test_failures=False, packages_skip_test_passed=False, packages_select=None, packages_skip=None, packages_select_regex=None, packages_skip_regex=None, packages_start=None, packages_end=None, allow_overriding=[], cmake_args=None, cmake_target=None, cmake_target_skip_unavailable=False, cmake_clean_cache=False, cmake_clean_first=False, cmake_force_configure=False, ament_cmake_args=None, catkin_cmake_args=None, catkin_skip_building_tests=False, verb_parser=<colcon_defaults.argument_parser.defaults.DefaultArgumentsDecorator object at 0x7aca7034ce20>, verb_extension=<colcon_core.verb.build.BuildVerb object at 0x7aca7034c8e0>, main=<bound method BuildVerb.main of <colcon_core.verb.build.BuildVerb object at 0x7aca7034c8e0>>)
[4.552s] Level 1:colcon.colcon_core.package_discovery:discover_packages(colcon_meta) check parameters
[4.552s] Level 1:colcon.colcon_core.package_discovery:discover_packages(recursive) check parameters
[4.552s] Level 1:colcon.colcon_core.package_discovery:discover_packages(ignore) check parameters
[4.552s] Level 1:colcon.colcon_core.package_discovery:discover_packages(path) check parameters
[4.553s] Level 1:colcon.colcon_core.package_discovery:discover_packages(colcon_meta) discover
[4.553s] Level 1:colcon.colcon_core.package_discovery:discover_packages(recursive) discover
[4.553s] INFO:colcon.colcon_core.package_discovery:Crawling recursively for packages in '/home/kshitij/project3_ws'
[4.553s] Level 1:colcon.colcon_core.package_identification:_identify(.) by extensions ['ignore', 'ignore_ament_install']
[4.554s] Level 1:colcon.colcon_core.package_identification:_identify(.) by extension 'ignore'
[4.554s] Level 1:colcon.colcon_core.package_identification:_identify(.) by extension 'ignore_ament_install'
[4.554s] Level 1:colcon.colcon_core.package_identification:_identify(.) by extensions ['colcon_pkg']
[4.555s] Level 1:colcon.colcon_core.package_identification:_identify(.) by extension 'colcon_pkg'
[4.555s] Level 1:colcon.colcon_core.package_identification:_identify(.) by extensions ['colcon_meta']
[4.555s] Level 1:colcon.colcon_core.package_identification:_identify(.) by extension 'colcon_meta'
[4.555s] Level 1:colcon.colcon_core.package_identification:_identify(.) by extensions ['ros']
[4.555s] Level 1:colcon.colcon_core.package_identification:_identify(.) by extension 'ros'
[4.612s] Level 1:colcon.colcon_core.package_identification:_identify(.) by extensions ['cmake', 'python']
[4.612s] Level 1:colcon.colcon_core.package_identification:_identify(.) by extension 'cmake'
[4.612s] Level 1:colcon.colcon_core.package_identification:_identify(.) by extension 'python'
[4.612s] Level 1:colcon.colcon_core.package_identification:_identify(.) by extensions ['python_setup_py']
[4.612s] Level 1:colcon.colcon_core.package_identification:_identify(.) by extension 'python_setup_py'
[4.613s] Level 1:colcon.colcon_core.package_identification:_identify(build) by extensions ['ignore', 'ignore_ament_install']
[4.613s] Level 1:colcon.colcon_core.package_identification:_identify(build) by extension 'ignore'
[4.613s] Level 1:colcon.colcon_core.package_identification:_identify(build) ignored
[4.613s] Level 1:colcon.colcon_core.package_identification:_identify(install) by extensions ['ignore', 'ignore_ament_install']
[4.613s] Level 1:colcon.colcon_core.package_identification:_identify(install) by extension 'ignore'
[4.614s] Level 1:colcon.colcon_core.package_identification:_identify(install) ignored
[4.614s] Level 1:colcon.colcon_core.package_identification:_identify(log) by extensions ['ignore', 'ignore_ament_install']
[4.614s] Level 1:colcon.colcon_core.package_identification:_identify(log) by extension 'ignore'
[4.614s] Level 1:colcon.colcon_core.package_identification:_identify(log) ignored
[4.614s] Level 1:colcon.colcon_core.package_identification:_identify(src) by extensions ['ignore', 'ignore_ament_install']
[4.614s] Level 1:colcon.colcon_core.package_identification:_identify(src) by extension 'ignore'
[4.614s] Level 1:colcon.colcon_core.package_identification:_identify(src) by extension 'ignore_ament_install'
[4.615s] Level 1:colcon.colcon_core.package_identification:_identify(src) by extensions ['colcon_pkg']
[4.615s] Level 1:colcon.colcon_core.package_identification:_identify(src) by extension 'colcon_pkg'
[4.615s] Level 1:colcon.colcon_core.package_identification:_identify(src) by extensions ['colcon_meta']
[4.615s] Level 1:colcon.colcon_core.package_identification:_identify(src) by extension 'colcon_meta'
[4.615s] Level 1:colcon.colcon_core.package_identification:_identify(src) by extensions ['ros']
[4.615s] Level 1:colcon.colcon_core.package_identification:_identify(src) by extension 'ros'
[4.615s] Level 1:colcon.colcon_core.package_identification:_identify(src) by extensions ['cmake', 'python']
[4.615s] Level 1:colcon.colcon_core.package_identification:_identify(src) by extension 'cmake'
[4.615s] Level 1:colcon.colcon_core.package_identification:_identify(src) by extension 'python'
[4.615s] Level 1:colcon.colcon_core.package_identification:_identify(src) by extensions ['python_setup_py']
[4.615s] Level 1:colcon.colcon_core.package_identification:_identify(src) by extension 'python_setup_py'
[4.616s] Level 1:colcon.colcon_core.package_identification:_identify(src/turtlebot3_project3) by extensions ['ignore', 'ignore_ament_install']
[4.616s] Level 1:colcon.colcon_core.package_identification:_identify(src/turtlebot3_project3) by extension 'ignore'
[4.616s] Level 1:colcon.colcon_core.package_identification:_identify(src/turtlebot3_project3) by extension 'ignore_ament_install'
[4.616s] Level 1:colcon.colcon_core.package_identification:_identify(src/turtlebot3_project3) by extensions ['colcon_pkg']
[4.616s] Level 1:colcon.colcon_core.package_identification:_identify(src/turtlebot3_project3) by extension 'colcon_pkg'
[4.616s] Level 1:colcon.colcon_core.package_identification:_identify(src/turtlebot3_project3) by extensions ['colcon_meta']
[4.616s] Level 1:colcon.colcon_core.package_identification:_identify(src/turtlebot3_project3) by extension 'colcon_meta'
[4.616s] Level 1:colcon.colcon_core.package_identification:_identify(src/turtlebot3_project3) by extensions ['ros']
[4.616s] Level 1:colcon.colcon_core.package_identification:_identify(src/turtlebot3_project3) by extension 'ros'
[4.632s] DEBUG:colcon.colcon_core.package_identification:Package 'src/turtlebot3_project3' with type 'ros.ament_cmake' and name 'turtlebot3_project3'
[4.633s] Level 1:colcon.colcon_core.package_discovery:discover_packages(recursive) using defaults
[4.633s] Level 1:colcon.colcon_core.package_discovery:discover_packages(ignore) discover
[4.633s] Level 1:colcon.colcon_core.package_discovery:discover_packages(ignore) using defaults
[4.633s] Level 1:colcon.colcon_core.package_discovery:discover_packages(path) discover
[4.633s] Level 1:colcon.colcon_core.package_discovery:discover_packages(path) using defaults
[4.824s] Level 1:colcon.colcon_core.package_discovery:discover_packages(prefix_path) check parameters
[4.824s] Level 1:colcon.colcon_core.package_discovery:discover_packages(prefix_path) discover
[4.828s] DEBUG:colcon.colcon_installed_package_information.package_discovery:Found 1 installed packages in /home/kshitij/project3_ws/install
[4.831s] DEBUG:colcon.colcon_installed_package_information.package_discovery:Found 392 installed packages in /opt/ros/humble
[4.834s] Level 1:colcon.colcon_core.package_discovery:discover_packages(prefix_path) using defaults
[4.948s] Level 5:colcon.colcon_core.verb:set package 'turtlebot3_project3' build argument 'cmake_args' from command line to 'None'
[4.949s] Level 5:colcon.colcon_core.verb:set package 'turtlebot3_project3' build argument 'cmake_target' from command line to 'None'
[4.949s] Level 5:colcon.colcon_core.verb:set package 'turtlebot3_project3' build argument 'cmake_target_skip_unavailable' from command line to 'False'
[4.949s] Level 5:colcon.colcon_core.verb:set package 'turtlebot3_project3' build argument 'cmake_clean_cache' from command line to 'False'
[4.949s] Level 5:colcon.colcon_core.verb:set package 'turtlebot3_project3' build argument 'cmake_clean_first' from command line to 'False'
[4.949s] Level 5:colcon.colcon_core.verb:set package 'turtlebot3_project3' build argument 'cmake_force_configure' from command line to 'False'
[4.949s] Level 5:colcon.colcon_core.verb:set package 'turtlebot3_project3' build argument 'ament_cmake_args' from command line to 'None'
[4.949s] Level 5:colcon.colcon_core.verb:set package 'turtlebot3_project3' build argument 'catkin_cmake_args' from command line to 'None'
[4.949s] Level 5:colcon.colcon_core.verb:set package 'turtlebot3_project3' build argument 'catkin_skip_building_tests' from command line to 'False'
[4.949s] DEBUG:colcon.colcon_core.verb:Building package 'turtlebot3_project3' with the following arguments: {'ament_cmake_args': None, 'build_base': '/home/kshitij/project3_ws/build/turtlebot3_project3', 'catkin_cmake_args': None, 'catkin_skip_building_tests': False, 'cmake_args': None, 'cmake_clean_cache': False, 'cmake_clean_first': False, 'cmake_force_configure': False, 'cmake_target': None, 'cmake_target_skip_unavailable': False, 'install_base': '/home/kshitij/project3_ws/install/turtlebot3_project3', 'merge_install': False, 'path': '/home/kshitij/project3_ws/src/turtlebot3_project3', 'symlink_install': False, 'test_result_base': None}
[4.949s] INFO:colcon.colcon_core.executor:Executing jobs using 'parallel' executor
[4.950s] DEBUG:colcon.colcon_parallel_executor.executor.parallel:run_until_complete
[4.951s] INFO:colcon.colcon_ros.task.ament_cmake.build:Building ROS package in '/home/kshitij/project3_ws/src/turtlebot3_project3' with build type 'ament_cmake'
[4.951s] INFO:colcon.colcon_cmake.task.cmake.build:Building CMake package in '/home/kshitij/project3_ws/src/turtlebot3_project3'
[4.965s] INFO:colcon.colcon_core.plugin_system:Skipping extension 'colcon_core.shell.bat': Not used on non-Windows systems
[4.965s] INFO:colcon.colcon_core.shell:Skip shell extension 'powershell' for command environment: Not usable outside of PowerShell
[4.965s] DEBUG:colcon.colcon_core.shell:Skip shell extension 'dsv' for command environment
[5.042s] DEBUG:colcon.colcon_core.event_handler.log_command:Invoking command in '/home/kshitij/project3_ws/build/turtlebot3_project3': CMAKE_PREFIX_PATH=${CMAKE_PREFIX_PATH}:/opt/ros/humble /usr/bin/cmake --build /home/kshitij/project3_ws/build/turtlebot3_project3 -- -j12 -l12
[6.251s] DEBUG:colcon.colcon_core.event_handler.log_command:Invoked command in '/home/kshitij/project3_ws/build/turtlebot3_project3' returned '0': CMAKE_PREFIX_PATH=${CMAKE_PREFIX_PATH}:/opt/ros/humble /usr/bin/cmake --build /home/kshitij/project3_ws/build/turtlebot3_project3 -- -j12 -l12
[6.312s] DEBUG:colcon.colcon_core.event_handler.log_command:Invoking command in '/home/kshitij/project3_ws/build/turtlebot3_project3': CMAKE_PREFIX_PATH=${CMAKE_PREFIX_PATH}:/opt/ros/humble /usr/bin/cmake --install /home/kshitij/project3_ws/build/turtlebot3_project3
[6.428s] Level 1:colcon.colcon_core.environment:create_environment_scripts_only(turtlebot3_project3)
[6.431s] DEBUG:colcon.colcon_core.event_handler.log_command:Invoked command in '/home/kshitij/project3_ws/build/turtlebot3_project3' returned '0': CMAKE_PREFIX_PATH=${CMAKE_PREFIX_PATH}:/opt/ros/humble /usr/bin/cmake --install /home/kshitij/project3_ws/build/turtlebot3_project3
[6.467s] Level 1:colcon.colcon_core.environment:checking '/home/kshitij/project3_ws/install/turtlebot3_project3' for CMake module files
[6.467s] Level 1:colcon.colcon_core.environment:checking '/home/kshitij/project3_ws/install/turtlebot3_project3' for CMake config files
[6.468s] Level 1:colcon.colcon_core.shell:create_environment_hook('turtlebot3_project3', 'cmake_prefix_path')
[6.468s] INFO:colcon.colcon_core.shell:Creating environment hook '/home/kshitij/project3_ws/install/turtlebot3_project3/share/turtlebot3_project3/hook/cmake_prefix_path.ps1'
[6.481s] INFO:colcon.colcon_core.shell:Creating environment descriptor '/home/kshitij/project3_ws/install/turtlebot3_project3/share/turtlebot3_project3/hook/cmake_prefix_path.dsv'
[6.490s] INFO:colcon.colcon_core.shell:Creating environment hook '/home/kshitij/project3_ws/install/turtlebot3_project3/share/turtlebot3_project3/hook/cmake_prefix_path.sh'
[6.492s] Level 1:colcon.colcon_core.environment:checking '/home/kshitij/project3_ws/install/turtlebot3_project3/lib'
[6.492s] Level 1:colcon.colcon_core.environment:checking '/home/kshitij/project3_ws/install/turtlebot3_project3/bin'
[6.492s] Level 1:colcon.colcon_core.environment:checking '/home/kshitij/project3_ws/install/turtlebot3_project3/lib/pkgconfig/turtlebot3_project3.pc'
[6.492s] Level 1:colcon.colcon_core.environment:checking '/home/kshitij/project3_ws/install/turtlebot3_project3/lib/python3.10/site-packages'
[6.493s] Level 1:colcon.colcon_core.environment:checking '/home/kshitij/project3_ws/install/turtlebot3_project3/bin'
[6.493s] INFO:colcon.colcon_core.shell:Creating package script '/home/kshitij/project3_ws/install/turtlebot3_project3/share/turtlebot3_project3/package.ps1'
[6.494s] INFO:colcon.colcon_core.shell:Creating package descriptor '/home/kshitij/project3_ws/install/turtlebot3_project3/share/turtlebot3_project3/package.dsv'
[6.495s] INFO:colcon.colcon_core.shell:Creating package script '/home/kshitij/project3_ws/install/turtlebot3_project3/share/turtlebot3_project3/package.sh'
[6.497s] INFO:colcon.colcon_core.shell:Creating package script '/home/kshitij/project3_ws/install/turtlebot3_project3/share/turtlebot3_project3/package.bash'
[6.509s] INFO:colcon.colcon_core.shell:Creating package script '/home/kshitij/project3_ws/install/turtlebot3_project3/share/turtlebot3_project3/package.zsh'
[6.518s] Level 1:colcon.colcon_core.environment:create_file_with_runtime_dependencies(/home/kshitij/project3_ws/install/turtlebot3_project3/share/colcon-core/packages/turtlebot3_project3)
[6.558s] Level 1:colcon.colcon_core.environment:create_environment_scripts_only(turtlebot3_project3)
[6.559s] Level 1:colcon.colcon_core.environment:checking '/home/kshitij/project3_ws/install/turtlebot3_project3' for CMake module files
[6.560s] Level 1:colcon.colcon_core.environment:checking '/home/kshitij/project3_ws/install/turtlebot3_project3' for CMake config files
[6.561s] Level 1:colcon.colcon_core.shell:create_environment_hook('turtlebot3_project3', 'cmake_prefix_path')
[6.561s] INFO:colcon.colcon_core.shell:Creating environment hook '/home/kshitij/project3_ws/install/turtlebot3_project3/share/turtlebot3_project3/hook/cmake_prefix_path.ps1'
[6.562s] INFO:colcon.colcon_core.shell:Creating environment descriptor '/home/kshitij/project3_ws/install/turtlebot3_project3/share/turtlebot3_project3/hook/cmake_prefix_path.dsv'
[6.562s] INFO:colcon.colcon_core.shell:Creating environment hook '/home/kshitij/project3_ws/install/turtlebot3_project3/share/turtlebot3_project3/hook/cmake_prefix_path.sh'
[6.563s] Level 1:colcon.colcon_core.environment:checking '/home/kshitij/project3_ws/install/turtlebot3_project3/lib'
[6.564s] Level 1:colcon.colcon_core.environment:checking '/home/kshitij/project3_ws/install/turtlebot3_project3/bin'
[6.564s] Level 1:colcon.colcon_core.environment:checking '/home/kshitij/project3_ws/install/turtlebot3_project3/lib/pkgconfig/turtlebot3_project3.pc'
[6.564s] Level 1:colcon.colcon_core.environment:checking '/home/kshitij/project3_ws/install/turtlebot3_project3/lib/python3.10/site-packages'
[6.565s] Level 1:colcon.colcon_core.environment:checking '/home/kshitij/project3_ws/install/turtlebot3_project3/bin'
[6.566s] INFO:colcon.colcon_core.shell:Creating package script '/home/kshitij/project3_ws/install/turtlebot3_project3/share/turtlebot3_project3/package.ps1'
[6.566s] INFO:colcon.colcon_core.shell:Creating package descriptor '/home/kshitij/project3_ws/install/turtlebot3_project3/share/turtlebot3_project3/package.dsv'
[6.567s] INFO:colcon.colcon_core.shell:Creating package script '/home/kshitij/project3_ws/install/turtlebot3_project3/share/turtlebot3_project3/package.sh'
[6.568s] INFO:colcon.colcon_core.shell:Creating package script '/home/kshitij/project3_ws/install/turtlebot3_project3/share/turtlebot3_project3/package.bash'
[6.569s] INFO:colcon.colcon_core.shell:Creating package script '/home/kshitij/project3_ws/install/turtlebot3_project3/share/turtlebot3_project3/package.zsh'
[6.570s] Level 1:colcon.colcon_core.environment:create_file_with_runtime_dependencies(/home/kshitij/project3_ws/install/turtlebot3_project3/share/colcon-core/packages/turtlebot3_project3)
[6.570s] DEBUG:colcon.colcon_parallel_executor.executor.parallel:closing loop
[6.571s] DEBUG:colcon.colcon_parallel_executor.executor.parallel:loop closed
[6.571s] DEBUG:colcon.colcon_parallel_executor.executor.parallel:run_until_complete finished with '0'
[6.571s] DEBUG:colcon.colcon_core.event_reactor:joining thread
[6.609s] INFO:colcon.colcon_core.plugin_system:Skipping extension 'colcon_notification.desktop_notification.terminal_notifier': Not used on non-Darwin systems
[6.610s] INFO:colcon.colcon_core.plugin_system:Skipping extension 'colcon_notification.desktop_notification.win32': Not used on non-Windows systems
[6.610s] INFO:colcon.colcon_notification.desktop_notification:Sending desktop notification using 'notify2'
[6.645s] DEBUG:colcon.colcon_core.event_reactor:joined thread
[6.646s] INFO:colcon.colcon_core.shell:Creating prefix script '/home/kshitij/project3_ws/install/local_setup.ps1'
[6.668s] INFO:colcon.colcon_core.shell:Creating prefix util module '/home/kshitij/project3_ws/install/_local_setup_util_ps1.py'
[6.671s] INFO:colcon.colcon_core.shell:Creating prefix chain script '/home/kshitij/project3_ws/install/setup.ps1'
[6.677s] INFO:colcon.colcon_core.shell:Creating prefix script '/home/kshitij/project3_ws/install/local_setup.sh'
[6.679s] INFO:colcon.colcon_core.shell:Creating prefix util module '/home/kshitij/project3_ws/install/_local_setup_util_sh.py'
[6.680s] INFO:colcon.colcon_core.shell:Creating prefix chain script '/home/kshitij/project3_ws/install/setup.sh'
[6.683s] INFO:colcon.colcon_core.shell:Creating prefix script '/home/kshitij/project3_ws/install/local_setup.bash'
[6.685s] INFO:colcon.colcon_core.shell:Creating prefix chain script '/home/kshitij/project3_ws/install/setup.bash'
[6.687s] INFO:colcon.colcon_core.shell:Creating prefix script '/home/kshitij/project3_ws/install/local_setup.zsh'
[6.688s] INFO:colcon.colcon_core.shell:Creating prefix chain script '/home/kshitij/project3_ws/install/setup.zsh'
