[0.019s] Invoking command in '/home/kshitij/project3_ws/build/turtlebot3_project3': CMAKE_PREFIX_PATH=${CMAKE_PREFIX_PATH}:/opt/ros/humble /usr/bin/cmake --build /home/kshitij/project3_ws/build/turtlebot3_project3 -- -j12 -l12
[0.222s] -- Found ament_cmake: 1.3.8 (/opt/ros/humble/share/ament_cmake/cmake)
[0.730s] [33mCMake Warning (dev) at /usr/share/cmake-3.22/Modules/FindPackageHandleStandardArgs.cmake:438 (message):
[0.731s]   The package name passed to `find_package_handle_standard_args` (PkgConfig)
[0.731s]   does not match the name of the calling package (gazebo).  This can lead to
[0.732s]   problems in calling code that expects `find_package` result variables
[0.732s]   (e.g., `_FOUND`) to follow a certain pattern.
[0.732s] Call Stack (most recent call first):
[0.733s]   /usr/share/cmake-3.22/Modules/FindPkgConfig.cmake:99 (find_package_handle_standard_args)
[0.733s]   /usr/lib/x86_64-linux-gnu/cmake/gazebo/gazebo-config.cmake:72 (include)
[0.734s]   CMakeLists.txt:23 (find_package)
[0.734s] This warning is for project developers.  Use -Wno-dev to suppress it.
[0.734s] [0m
[1.006s] -- Found DART: /usr/include (Required is at least version "6.6") found components: dart 
[1.382s] -- Found Protobuf: /usr/lib/x86_64-linux-gnu/libprotobuf.so (found version "3.12.4") 
[1.414s] -- Looking for ignition-math6 -- found version 6.15.1
[1.472s] -- Searching for dependencies of ignition-math6
[1.496s] -- Looking for OGRE...
[1.523s] -- Found Ogre Ghadamon (1.9.0)
[1.533s] -- Found OGRE: optimized;/usr/lib/x86_64-linux-gnu/libOgreMain.so;debug;/usr/lib/x86_64-linux-gnu/libOgreMain.so
[1.566s] -- Looking for OGRE_Paging...
[1.566s] -- Found OGRE_Paging: optimized;/usr/lib/x86_64-linux-gnu/libOgrePaging.so;debug;/usr/lib/x86_64-linux-gnu/libOgrePaging.so
[1.566s] -- Looking for OGRE_Terrain...
[1.567s] -- Found OGRE_Terrain: optimized;/usr/lib/x86_64-linux-gnu/libOgreTerrain.so;debug;/usr/lib/x86_64-linux-gnu/libOgreTerrain.so
[1.567s] -- Looking for OGRE_Property...
[1.567s] -- Found OGRE_Property: optimized;/usr/lib/x86_64-linux-gnu/libOgreProperty.so;debug;/usr/lib/x86_64-linux-gnu/libOgreProperty.so
[1.567s] -- Looking for OGRE_RTShaderSystem...
[1.567s] -- Found OGRE_RTShaderSystem: optimized;/usr/lib/x86_64-linux-gnu/libOgreRTShaderSystem.so;debug;/usr/lib/x86_64-linux-gnu/libOgreRTShaderSystem.so
[1.567s] -- Looking for OGRE_Volume...
[1.567s] -- Found OGRE_Volume: optimized;/usr/lib/x86_64-linux-gnu/libOgreVolume.so;debug;/usr/lib/x86_64-linux-gnu/libOgreVolume.so
[1.568s] -- Looking for OGRE_Overlay...
[1.568s] -- Found OGRE_Overlay: optimized;/usr/lib/x86_64-linux-gnu/libOgreOverlay.so;debug;/usr/lib/x86_64-linux-gnu/libOgreOverlay.so
[1.774s] -- Looking for ignition-math6 -- found version 6.15.1
[1.789s] -- Looking for ignition-transport8 -- found version 8.2.1
[1.789s] -- Searching for dependencies of ignition-transport8
[1.834s] -- Found Protobuf: /usr/lib/x86_64-linux-gnu/libprotobuf.so (found suitable version "3.12.4", minimum required is "3") 
[1.853s] -- Config-file not installed for ZeroMQ -- checking for pkg-config
[1.861s] -- Checking for module 'libzmq >= 4'
[2.023s] --   Found libzmq , version 4.3.4
[2.121s] -- Checking for module 'uuid'
[2.171s] --   Found uuid, version 2.37.2
[2.299s] -- Looking for ignition-msgs5 -- found version 5.8.1
[2.301s] -- Searching for dependencies of ignition-msgs5
[2.344s] -- Looking for ignition-math6 -- found version 6.15.1
[2.352s] -- Checking for module 'tinyxml2'
[2.392s] --   Found tinyxml2, version 9.0.0
[2.447s] -- Looking for ignition-msgs5 -- found version 5.8.1
[2.454s] -- Looking for ignition-common3 -- found version 3.14.0
[2.455s] -- Searching for dependencies of ignition-common3
[2.456s] -- Looking for dlfcn.h - found
[2.456s] -- Looking for libdl - found
[2.477s] -- Searching for <ignition-common3> component [graphics]
[2.478s] -- Looking for ignition-common3-graphics -- found version 3.14.0
[2.479s] -- Searching for dependencies of ignition-common3-graphics
[2.479s] -- Looking for ignition-math6 -- found version 6.15.1
[2.488s] -- Looking for ignition-fuel_tools4 -- found version 4.4.0
[2.489s] -- Searching for dependencies of ignition-fuel_tools4
[2.593s] -- Checking for module 'jsoncpp'
[2.613s] --   Found jsoncpp, version 1.9.5
[2.680s] -- Checking for module 'libzip'
[2.708s] --   Found libzip, version 1.7.3
[2.757s] -- Looking for ignition-common3 -- found version 3.14.0
[2.757s] -- Looking for ignition-math6 -- found version 6.15.1
[2.758s] -- Looking for ignition-msgs5 -- found version 5.8.1
[2.786s] -- Found gazebo_ros_pkgs: 3.7.0 (/opt/ros/humble/share/gazebo_ros_pkgs/cmake)
[2.795s] -- Found geometry_msgs: 4.2.3 (/opt/ros/humble/share/geometry_msgs/cmake)
[3.002s] -- Found rosidl_generator_c: 3.1.5 (/opt/ros/humble/share/rosidl_generator_c/cmake)
[3.019s] -- Found rosidl_adapter: 3.1.5 (/opt/ros/humble/share/rosidl_adapter/cmake)
[3.065s] -- Found rosidl_generator_cpp: 3.1.5 (/opt/ros/humble/share/rosidl_generator_cpp/cmake)
[3.122s] -- Using all available rosidl_typesupport_c: rosidl_typesupport_fastrtps_c;rosidl_typesupport_introspection_c
[3.156s] -- Using all available rosidl_typesupport_cpp: rosidl_typesupport_fastrtps_cpp;rosidl_typesupport_introspection_cpp
[3.437s] -- Found nav_msgs: 4.2.3 (/opt/ros/humble/share/nav_msgs/cmake)
[3.594s] -- Found rclcpp: 16.0.8 (/opt/ros/humble/share/rclcpp/cmake)
[3.753s] -- Found rmw_implementation_cmake: 6.1.1 (/opt/ros/humble/share/rmw_implementation_cmake/cmake)
[3.781s] -- Found rmw_fastrtps_cpp: 6.2.6 (/opt/ros/humble/share/rmw_fastrtps_cpp/cmake)
[4.133s] -- Using RMW implementation 'rmw_fastrtps_cpp' as default
[4.454s] -- Found sensor_msgs: 4.2.3 (/opt/ros/humble/share/sensor_msgs/cmake)
[4.610s] -- Found tf2: 0.25.6 (/opt/ros/humble/share/tf2/cmake)
[4.963s] -- Configuring done
[5.061s] -- Generating done
[5.069s] -- Build files have been written to: /home/kshitij/project3_ws/build/turtlebot3_project3
[5.132s] [35m[1mConsolidate compiler generated dependencies of target turtlebot3_drive[0m
[5.182s] [100%] Built target turtlebot3_drive
[5.201s] Invoked command in '/home/kshitij/project3_ws/build/turtlebot3_project3' returned '0': CMAKE_PREFIX_PATH=${CMAKE_PREFIX_PATH}:/opt/ros/humble /usr/bin/cmake --build /home/kshitij/project3_ws/build/turtlebot3_project3 -- -j12 -l12
[5.255s] Invoking command in '/home/kshitij/project3_ws/build/turtlebot3_project3': CMAKE_PREFIX_PATH=${CMAKE_PREFIX_PATH}:/opt/ros/humble /usr/bin/cmake --install /home/kshitij/project3_ws/build/turtlebot3_project3
[5.266s] -- Install configuration: ""
[5.266s] -- Up-to-date: /home/kshitij/project3_ws/install/turtlebot3_project3/lib/turtlebot3_project3/turtlebot3_drive
[5.267s] -- Up-to-date: /home/kshitij/project3_ws/install/turtlebot3_project3/share/turtlebot3_project3//launch
[5.267s] -- Up-to-date: /home/kshitij/project3_ws/install/turtlebot3_project3/share/turtlebot3_project3//launch/competition_world.launch.py
[5.268s] -- Up-to-date: /home/kshitij/project3_ws/install/turtlebot3_project3/share/turtlebot3_project3//launch/robot_state_publisher.launch.py
[5.268s] -- Up-to-date: /home/kshitij/project3_ws/install/turtlebot3_project3/share/turtlebot3_project3//launch/spawn_turtlebot3.launch.py
[5.268s] -- Up-to-date: /home/kshitij/project3_ws/install/turtlebot3_project3/share/turtlebot3_project3//launch/empty_world.launch.py
[5.268s] -- Up-to-date: /home/kshitij/project3_ws/install/turtlebot3_project3/share/turtlebot3_project3//models
[5.268s] -- Up-to-date: /home/kshitij/project3_ws/install/turtlebot3_project3/share/turtlebot3_project3//models/turtlebot3_world
[5.268s] -- Up-to-date: /home/kshitij/project3_ws/install/turtlebot3_project3/share/turtlebot3_project3//models/turtlebot3_world/model.sdf
[5.269s] -- Up-to-date: /home/kshitij/project3_ws/install/turtlebot3_project3/share/turtlebot3_project3//models/turtlebot3_world/model-1_4.sdf
[5.269s] -- Up-to-date: /home/kshitij/project3_ws/install/turtlebot3_project3/share/turtlebot3_project3//models/turtlebot3_world/meshes
[5.269s] -- Up-to-date: /home/kshitij/project3_ws/install/turtlebot3_project3/share/turtlebot3_project3//models/turtlebot3_world/meshes/wall.dae
[5.269s] -- Up-to-date: /home/kshitij/project3_ws/install/turtlebot3_project3/share/turtlebot3_project3//models/turtlebot3_world/meshes/hexagon.dae
[5.269s] -- Up-to-date: /home/kshitij/project3_ws/install/turtlebot3_project3/share/turtlebot3_project3//models/turtlebot3_world/model.config
[5.269s] -- Up-to-date: /home/kshitij/project3_ws/install/turtlebot3_project3/share/turtlebot3_project3//models/turtlebot3_waffle
[5.269s] -- Up-to-date: /home/kshitij/project3_ws/install/turtlebot3_project3/share/turtlebot3_project3//models/turtlebot3_waffle/model.sdf
[5.270s] -- Up-to-date: /home/kshitij/project3_ws/install/turtlebot3_project3/share/turtlebot3_project3//models/turtlebot3_waffle/model-1_4.sdf
[5.270s] -- Up-to-date: /home/kshitij/project3_ws/install/turtlebot3_project3/share/turtlebot3_project3//models/turtlebot3_waffle/model.config
[5.270s] -- Up-to-date: /home/kshitij/project3_ws/install/turtlebot3_project3/share/turtlebot3_project3//models/turtlebot3_common
[5.270s] -- Up-to-date: /home/kshitij/project3_ws/install/turtlebot3_project3/share/turtlebot3_project3//models/turtlebot3_common/meshes
[5.270s] -- Up-to-date: /home/kshitij/project3_ws/install/turtlebot3_project3/share/turtlebot3_project3//models/turtlebot3_common/meshes/r200.dae
[5.270s] -- Up-to-date: /home/kshitij/project3_ws/install/turtlebot3_project3/share/turtlebot3_project3//models/turtlebot3_common/meshes/lds.dae
[5.270s] -- Up-to-date: /home/kshitij/project3_ws/install/turtlebot3_project3/share/turtlebot3_project3//models/turtlebot3_common/meshes/burger_base.dae
[5.271s] -- Up-to-date: /home/kshitij/project3_ws/install/turtlebot3_project3/share/turtlebot3_project3//models/turtlebot3_common/meshes/waffle_base.dae
[5.271s] -- Up-to-date: /home/kshitij/project3_ws/install/turtlebot3_project3/share/turtlebot3_project3//models/turtlebot3_common/meshes/waffle_pi_base.dae
[5.271s] -- Up-to-date: /home/kshitij/project3_ws/install/turtlebot3_project3/share/turtlebot3_project3//models/turtlebot3_common/meshes/tire.dae
[5.271s] -- Up-to-date: /home/kshitij/project3_ws/install/turtlebot3_project3/share/turtlebot3_project3//models/turtlebot3_common/model.config
[5.271s] -- Up-to-date: /home/kshitij/project3_ws/install/turtlebot3_project3/share/turtlebot3_project3//rviz
[5.271s] -- Up-to-date: /home/kshitij/project3_ws/install/turtlebot3_project3/share/turtlebot3_project3//rviz/tb3_gazebo.rviz
[5.271s] -- Up-to-date: /home/kshitij/project3_ws/install/turtlebot3_project3/share/turtlebot3_project3//urdf
[5.271s] -- Up-to-date: /home/kshitij/project3_ws/install/turtlebot3_project3/share/turtlebot3_project3//urdf/common_properties.urdf
[5.271s] -- Up-to-date: /home/kshitij/project3_ws/install/turtlebot3_project3/share/turtlebot3_project3//urdf/turtlebot3_waffle.urdf
[5.272s] -- Up-to-date: /home/kshitij/project3_ws/install/turtlebot3_project3/share/turtlebot3_project3//worlds
[5.272s] -- Up-to-date: /home/kshitij/project3_ws/install/turtlebot3_project3/share/turtlebot3_project3//worlds/empty_world.world
[5.272s] -- Up-to-date: /home/kshitij/project3_ws/install/turtlebot3_project3/share/turtlebot3_project3//worlds/competition_world.world
[5.272s] -- Up-to-date: /home/kshitij/project3_ws/install/turtlebot3_project3/include/
[5.272s] -- Up-to-date: /home/kshitij/project3_ws/install/turtlebot3_project3/include//turtlebot3_project3
[5.272s] -- Up-to-date: /home/kshitij/project3_ws/install/turtlebot3_project3/include//turtlebot3_project3/turtlebot3_drive.hpp
[5.272s] -- Up-to-date: /home/kshitij/project3_ws/install/turtlebot3_project3/lib/turtlebot3_project3/teleop.py
[5.273s] -- Installing: /home/kshitij/project3_ws/install/turtlebot3_project3/lib/turtlebot3_project3/astar_node.py
[5.274s] -- Up-to-date: /home/kshitij/project3_ws/install/turtlebot3_project3/share/ament_index/resource_index/package_run_dependencies/turtlebot3_project3
[5.274s] -- Up-to-date: /home/kshitij/project3_ws/install/turtlebot3_project3/share/ament_index/resource_index/parent_prefix_path/turtlebot3_project3
[5.274s] -- Up-to-date: /home/kshitij/project3_ws/install/turtlebot3_project3/share/turtlebot3_project3/environment/ament_prefix_path.sh
[5.274s] -- Installing: /home/kshitij/project3_ws/install/turtlebot3_project3/share/turtlebot3_project3/environment/ament_prefix_path.dsv
[5.275s] -- Up-to-date: /home/kshitij/project3_ws/install/turtlebot3_project3/share/turtlebot3_project3/environment/path.sh
[5.275s] -- Installing: /home/kshitij/project3_ws/install/turtlebot3_project3/share/turtlebot3_project3/environment/path.dsv
[5.275s] -- Up-to-date: /home/kshitij/project3_ws/install/turtlebot3_project3/share/turtlebot3_project3/local_setup.bash
[5.275s] -- Up-to-date: /home/kshitij/project3_ws/install/turtlebot3_project3/share/turtlebot3_project3/local_setup.sh
[5.275s] -- Up-to-date: /home/kshitij/project3_ws/install/turtlebot3_project3/share/turtlebot3_project3/local_setup.zsh
[5.276s] -- Installing: /home/kshitij/project3_ws/install/turtlebot3_project3/share/turtlebot3_project3/local_setup.dsv
[5.276s] -- Installing: /home/kshitij/project3_ws/install/turtlebot3_project3/share/turtlebot3_project3/package.dsv
[5.276s] -- Up-to-date: /home/kshitij/project3_ws/install/turtlebot3_project3/share/ament_index/resource_index/packages/turtlebot3_project3
[5.276s] -- Up-to-date: /home/kshitij/project3_ws/install/turtlebot3_project3/share/turtlebot3_project3/cmake/ament_cmake_export_include_directories-extras.cmake
[5.277s] -- Up-to-date: /home/kshitij/project3_ws/install/turtlebot3_project3/share/turtlebot3_project3/cmake/ament_cmake_export_dependencies-extras.cmake
[5.277s] -- Up-to-date: /home/kshitij/project3_ws/install/turtlebot3_project3/share/turtlebot3_project3/cmake/turtlebot3_project3Config.cmake
[5.277s] -- Up-to-date: /home/kshitij/project3_ws/install/turtlebot3_project3/share/turtlebot3_project3/cmake/turtlebot3_project3Config-version.cmake
[5.277s] -- Up-to-date: /home/kshitij/project3_ws/install/turtlebot3_project3/share/turtlebot3_project3/package.xml
[5.278s] Invoked command in '/home/kshitij/project3_ws/build/turtlebot3_project3' returned '0': CMAKE_PREFIX_PATH=${CMAKE_PREFIX_PATH}:/opt/ros/humble /usr/bin/cmake --install /home/kshitij/project3_ws/build/turtlebot3_project3
