[0.074s] Invoking command in '/home/kshitij/project3_ws/build/turtlebot3_project3': CMAKE_PREFIX_PATH=${CMAKE_PREFIX_PATH}:/opt/ros/humble /usr/bin/cmake --build /home/kshitij/project3_ws/build/turtlebot3_project3 -- -j12 -l12
[1.274s] [100%] Built target turtlebot3_drive
[1.290s] Invoked command in '/home/kshitij/project3_ws/build/turtlebot3_project3' returned '0': CMAKE_PREFIX_PATH=${CMAKE_PREFIX_PATH}:/opt/ros/humble /usr/bin/cmake --build /home/kshitij/project3_ws/build/turtlebot3_project3 -- -j12 -l12
[1.346s] Invoking command in '/home/kshitij/project3_ws/build/turtlebot3_project3': CMAKE_PREFIX_PATH=${CMAKE_PREFIX_PATH}:/opt/ros/humble /usr/bin/cmake --install /home/kshitij/project3_ws/build/turtlebot3_project3
[1.379s] -- Install configuration: ""
[1.429s] -- Up-to-date: /home/kshitij/project3_ws/install/turtlebot3_project3/lib/turtlebot3_project3/turtlebot3_drive
[1.430s] -- Up-to-date: /home/kshitij/project3_ws/install/turtlebot3_project3/share/turtlebot3_project3//launch
[1.430s] -- Up-to-date: /home/kshitij/project3_ws/install/turtlebot3_project3/share/turtlebot3_project3//launch/competition_world.launch.py
[1.430s] -- Up-to-date: /home/kshitij/project3_ws/install/turtlebot3_project3/share/turtlebot3_project3//launch/robot_state_publisher.launch.py
[1.431s] -- Up-to-date: /home/kshitij/project3_ws/install/turtlebot3_project3/share/turtlebot3_project3//launch/spawn_turtlebot3.launch.py
[1.431s] -- Up-to-date: /home/kshitij/project3_ws/install/turtlebot3_project3/share/turtlebot3_project3//launch/empty_world.launch.py
[1.431s] -- Up-to-date: /home/kshitij/project3_ws/install/turtlebot3_project3/share/turtlebot3_project3//models
[1.431s] -- Up-to-date: /home/kshitij/project3_ws/install/turtlebot3_project3/share/turtlebot3_project3//models/turtlebot3_world
[1.431s] -- Up-to-date: /home/kshitij/project3_ws/install/turtlebot3_project3/share/turtlebot3_project3//models/turtlebot3_world/model.sdf
[1.431s] -- Up-to-date: /home/kshitij/project3_ws/install/turtlebot3_project3/share/turtlebot3_project3//models/turtlebot3_world/model-1_4.sdf
[1.432s] -- Up-to-date: /home/kshitij/project3_ws/install/turtlebot3_project3/share/turtlebot3_project3//models/turtlebot3_world/meshes
[1.432s] -- Up-to-date: /home/kshitij/project3_ws/install/turtlebot3_project3/share/turtlebot3_project3//models/turtlebot3_world/meshes/wall.dae
[1.432s] -- Up-to-date: /home/kshitij/project3_ws/install/turtlebot3_project3/share/turtlebot3_project3//models/turtlebot3_world/meshes/hexagon.dae
[1.432s] -- Up-to-date: /home/kshitij/project3_ws/install/turtlebot3_project3/share/turtlebot3_project3//models/turtlebot3_world/model.config
[1.432s] -- Up-to-date: /home/kshitij/project3_ws/install/turtlebot3_project3/share/turtlebot3_project3//models/turtlebot3_waffle
[1.432s] -- Up-to-date: /home/kshitij/project3_ws/install/turtlebot3_project3/share/turtlebot3_project3//models/turtlebot3_waffle/model.sdf
[1.432s] -- Up-to-date: /home/kshitij/project3_ws/install/turtlebot3_project3/share/turtlebot3_project3//models/turtlebot3_waffle/model-1_4.sdf
[1.432s] -- Up-to-date: /home/kshitij/project3_ws/install/turtlebot3_project3/share/turtlebot3_project3//models/turtlebot3_waffle/model.config
[1.433s] -- Up-to-date: /home/kshitij/project3_ws/install/turtlebot3_project3/share/turtlebot3_project3//models/turtlebot3_common
[1.433s] -- Up-to-date: /home/kshitij/project3_ws/install/turtlebot3_project3/share/turtlebot3_project3//models/turtlebot3_common/meshes
[1.433s] -- Up-to-date: /home/kshitij/project3_ws/install/turtlebot3_project3/share/turtlebot3_project3//models/turtlebot3_common/meshes/r200.dae
[1.433s] -- Up-to-date: /home/kshitij/project3_ws/install/turtlebot3_project3/share/turtlebot3_project3//models/turtlebot3_common/meshes/lds.dae
[1.433s] -- Up-to-date: /home/kshitij/project3_ws/install/turtlebot3_project3/share/turtlebot3_project3//models/turtlebot3_common/meshes/burger_base.dae
[1.433s] -- Up-to-date: /home/kshitij/project3_ws/install/turtlebot3_project3/share/turtlebot3_project3//models/turtlebot3_common/meshes/waffle_base.dae
[1.433s] -- Up-to-date: /home/kshitij/project3_ws/install/turtlebot3_project3/share/turtlebot3_project3//models/turtlebot3_common/meshes/waffle_pi_base.dae
[1.433s] -- Up-to-date: /home/kshitij/project3_ws/install/turtlebot3_project3/share/turtlebot3_project3//models/turtlebot3_common/meshes/tire.dae
[1.433s] -- Up-to-date: /home/kshitij/project3_ws/install/turtlebot3_project3/share/turtlebot3_project3//models/turtlebot3_common/model.config
[1.434s] -- Up-to-date: /home/kshitij/project3_ws/install/turtlebot3_project3/share/turtlebot3_project3//rviz
[1.434s] -- Up-to-date: /home/kshitij/project3_ws/install/turtlebot3_project3/share/turtlebot3_project3//rviz/tb3_gazebo.rviz
[1.434s] -- Up-to-date: /home/kshitij/project3_ws/install/turtlebot3_project3/share/turtlebot3_project3//urdf
[1.434s] -- Up-to-date: /home/kshitij/project3_ws/install/turtlebot3_project3/share/turtlebot3_project3//urdf/common_properties.urdf
[1.434s] -- Up-to-date: /home/kshitij/project3_ws/install/turtlebot3_project3/share/turtlebot3_project3//urdf/turtlebot3_waffle.urdf
[1.434s] -- Up-to-date: /home/kshitij/project3_ws/install/turtlebot3_project3/share/turtlebot3_project3//worlds
[1.434s] -- Up-to-date: /home/kshitij/project3_ws/install/turtlebot3_project3/share/turtlebot3_project3//worlds/empty_world.world
[1.434s] -- Up-to-date: /home/kshitij/project3_ws/install/turtlebot3_project3/share/turtlebot3_project3//worlds/competition_world.world
[1.434s] -- Up-to-date: /home/kshitij/project3_ws/install/turtlebot3_project3/include/
[1.434s] -- Up-to-date: /home/kshitij/project3_ws/install/turtlebot3_project3/include//turtlebot3_project3
[1.435s] -- Up-to-date: /home/kshitij/project3_ws/install/turtlebot3_project3/include//turtlebot3_project3/turtlebot3_drive.hpp
[1.435s] -- Up-to-date: /home/kshitij/project3_ws/install/turtlebot3_project3/lib/turtlebot3_project3/teleop.py
[1.435s] -- Installing: /home/kshitij/project3_ws/install/turtlebot3_project3/lib/turtlebot3_project3/new.py
[1.435s] -- Up-to-date: /home/kshitij/project3_ws/install/turtlebot3_project3/share/ament_index/resource_index/package_run_dependencies/turtlebot3_project3
[1.435s] -- Up-to-date: /home/kshitij/project3_ws/install/turtlebot3_project3/share/ament_index/resource_index/parent_prefix_path/turtlebot3_project3
[1.435s] -- Up-to-date: /home/kshitij/project3_ws/install/turtlebot3_project3/share/turtlebot3_project3/environment/ament_prefix_path.sh
[1.435s] -- Up-to-date: /home/kshitij/project3_ws/install/turtlebot3_project3/share/turtlebot3_project3/environment/ament_prefix_path.dsv
[1.435s] -- Up-to-date: /home/kshitij/project3_ws/install/turtlebot3_project3/share/turtlebot3_project3/environment/path.sh
[1.435s] -- Up-to-date: /home/kshitij/project3_ws/install/turtlebot3_project3/share/turtlebot3_project3/environment/path.dsv
[1.435s] -- Up-to-date: /home/kshitij/project3_ws/install/turtlebot3_project3/share/turtlebot3_project3/local_setup.bash
[1.436s] -- Up-to-date: /home/kshitij/project3_ws/install/turtlebot3_project3/share/turtlebot3_project3/local_setup.sh
[1.436s] -- Up-to-date: /home/kshitij/project3_ws/install/turtlebot3_project3/share/turtlebot3_project3/local_setup.zsh
[1.436s] -- Up-to-date: /home/kshitij/project3_ws/install/turtlebot3_project3/share/turtlebot3_project3/local_setup.dsv
[1.436s] -- Installing: /home/kshitij/project3_ws/install/turtlebot3_project3/share/turtlebot3_project3/package.dsv
[1.449s] -- Up-to-date: /home/kshitij/project3_ws/install/turtlebot3_project3/share/ament_index/resource_index/packages/turtlebot3_project3
[1.449s] -- Up-to-date: /home/kshitij/project3_ws/install/turtlebot3_project3/share/turtlebot3_project3/cmake/ament_cmake_export_include_directories-extras.cmake
[1.450s] -- Up-to-date: /home/kshitij/project3_ws/install/turtlebot3_project3/share/turtlebot3_project3/cmake/ament_cmake_export_dependencies-extras.cmake
[1.450s] -- Up-to-date: /home/kshitij/project3_ws/install/turtlebot3_project3/share/turtlebot3_project3/cmake/turtlebot3_project3Config.cmake
[1.450s] -- Up-to-date: /home/kshitij/project3_ws/install/turtlebot3_project3/share/turtlebot3_project3/cmake/turtlebot3_project3Config-version.cmake
[1.450s] -- Up-to-date: /home/kshitij/project3_ws/install/turtlebot3_project3/share/turtlebot3_project3/package.xml
[1.452s] Invoked command in '/home/kshitij/project3_ws/build/turtlebot3_project3' returned '0': CMAKE_PREFIX_PATH=${CMAKE_PREFIX_PATH}:/opt/ros/humble /usr/bin/cmake --install /home/kshitij/project3_ws/build/turtlebot3_project3
