[0.346s] DEBUG:colcon:Command line arguments: ['/usr/bin/colcon', 'build']
[0.346s] DEBUG:colcon:Parsed command line arguments: Namespace(log_base=None, log_level=None, verb_name='build', build_base='build', install_base='install', merge_install=False, symlink_install=False, test_result_base=None, continue_on_error=False, executor='parallel', parallel_workers=12, event_handlers=None, ignore_user_meta=False, metas=['./colcon.meta'], base_paths=['.'], packages_ignore=None, packages_ignore_regex=None, paths=None, packages_up_to=None, packages_up_to_regex=None, packages_above=None, packages_above_and_dependencies=None, packages_above_depth=None, packages_select_by_dep=None, packages_skip_by_dep=None, packages_skip_up_to=None, packages_select_build_failed=False, packages_skip_build_finished=False, packages_select_test_failures=False, packages_skip_test_passed=False, packages_select=None, packages_skip=None, packages_select_regex=None, packages_skip_regex=None, packages_start=None, packages_end=None, allow_overriding=[], cmake_args=None, cmake_target=None, cmake_target_skip_unavailable=False, cmake_clean_cache=False, cmake_clean_first=False, cmake_force_configure=False, ament_cmake_args=None, catkin_cmake_args=None, catkin_skip_building_tests=False, verb_parser=<colcon_defaults.argument_parser.defaults.DefaultArgumentsDecorator object at 0x7e2039f50e50>, verb_extension=<colcon_core.verb.build.BuildVerb object at 0x7e2039f50910>, main=<bound method BuildVerb.main of <colcon_core.verb.build.BuildVerb object at 0x7e2039f50910>>)
[4.305s] Level 1:colcon.colcon_core.package_discovery:discover_packages(colcon_meta) check parameters
[4.306s] Level 1:colcon.colcon_core.package_discovery:discover_packages(recursive) check parameters
[4.306s] Level 1:colcon.colcon_core.package_discovery:discover_packages(ignore) check parameters
[4.306s] Level 1:colcon.colcon_core.package_discovery:discover_packages(path) check parameters
[4.306s] Level 1:colcon.colcon_core.package_discovery:discover_packages(colcon_meta) discover
[4.307s] Level 1:colcon.colcon_core.package_discovery:discover_packages(recursive) discover
[4.307s] INFO:colcon.colcon_core.package_discovery:Crawling recursively for packages in '/home/kshitij/project3_ws'
[4.308s] Level 1:colcon.colcon_core.package_identification:_identify(.) by extensions ['ignore', 'ignore_ament_install']
[4.308s] Level 1:colcon.colcon_core.package_identification:_identify(.) by extension 'ignore'
[4.309s] Level 1:colcon.colcon_core.package_identification:_identify(.) by extension 'ignore_ament_install'
[4.309s] Level 1:colcon.colcon_core.package_identification:_identify(.) by extensions ['colcon_pkg']
[4.309s] Level 1:colcon.colcon_core.package_identification:_identify(.) by extension 'colcon_pkg'
[4.310s] Level 1:colcon.colcon_core.package_identification:_identify(.) by extensions ['colcon_meta']
[4.310s] Level 1:colcon.colcon_core.package_identification:_identify(.) by extension 'colcon_meta'
[4.310s] Level 1:colcon.colcon_core.package_identification:_identify(.) by extensions ['ros']
[4.310s] Level 1:colcon.colcon_core.package_identification:_identify(.) by extension 'ros'
[4.341s] Level 1:colcon.colcon_core.package_identification:_identify(.) by extensions ['cmake', 'python']
[4.341s] Level 1:colcon.colcon_core.package_identification:_identify(.) by extension 'cmake'
[4.342s] Level 1:colcon.colcon_core.package_identification:_identify(.) by extension 'python'
[4.342s] Level 1:colcon.colcon_core.package_identification:_identify(.) by extensions ['python_setup_py']
[4.342s] Level 1:colcon.colcon_core.package_identification:_identify(.) by extension 'python_setup_py'
[4.342s] Level 1:colcon.colcon_core.package_identification:_identify(build) by extensions ['ignore', 'ignore_ament_install']
[4.342s] Level 1:colcon.colcon_core.package_identification:_identify(build) by extension 'ignore'
[4.342s] Level 1:colcon.colcon_core.package_identification:_identify(build) ignored
[4.343s] Level 1:colcon.colcon_core.package_identification:_identify(install) by extensions ['ignore', 'ignore_ament_install']
[4.343s] Level 1:colcon.colcon_core.package_identification:_identify(install) by extension 'ignore'
[4.343s] Level 1:colcon.colcon_core.package_identification:_identify(install) ignored
[4.343s] Level 1:colcon.colcon_core.package_identification:_identify(log) by extensions ['ignore', 'ignore_ament_install']
[4.344s] Level 1:colcon.colcon_core.package_identification:_identify(log) by extension 'ignore'
[4.344s] Level 1:colcon.colcon_core.package_identification:_identify(log) ignored
[4.344s] Level 1:colcon.colcon_core.package_identification:_identify(src) by extensions ['ignore', 'ignore_ament_install']
[4.344s] Level 1:colcon.colcon_core.package_identification:_identify(src) by extension 'ignore'
[4.344s] Level 1:colcon.colcon_core.package_identification:_identify(src) by extension 'ignore_ament_install'
[4.344s] Level 1:colcon.colcon_core.package_identification:_identify(src) by extensions ['colcon_pkg']
[4.345s] Level 1:colcon.colcon_core.package_identification:_identify(src) by extension 'colcon_pkg'
[4.345s] Level 1:colcon.colcon_core.package_identification:_identify(src) by extensions ['colcon_meta']
[4.345s] Level 1:colcon.colcon_core.package_identification:_identify(src) by extension 'colcon_meta'
[4.345s] Level 1:colcon.colcon_core.package_identification:_identify(src) by extensions ['ros']
[4.345s] Level 1:colcon.colcon_core.package_identification:_identify(src) by extension 'ros'
[4.345s] Level 1:colcon.colcon_core.package_identification:_identify(src) by extensions ['cmake', 'python']
[4.345s] Level 1:colcon.colcon_core.package_identification:_identify(src) by extension 'cmake'
[4.345s] Level 1:colcon.colcon_core.package_identification:_identify(src) by extension 'python'
[4.346s] Level 1:colcon.colcon_core.package_identification:_identify(src) by extensions ['python_setup_py']
[4.346s] Level 1:colcon.colcon_core.package_identification:_identify(src) by extension 'python_setup_py'
[4.346s] Level 1:colcon.colcon_core.package_identification:_identify(src/turtlebot3_project3) by extensions ['ignore', 'ignore_ament_install']
[4.346s] Level 1:colcon.colcon_core.package_identification:_identify(src/turtlebot3_project3) by extension 'ignore'
[4.346s] Level 1:colcon.colcon_core.package_identification:_identify(src/turtlebot3_project3) by extension 'ignore_ament_install'
[4.346s] Level 1:colcon.colcon_core.package_identification:_identify(src/turtlebot3_project3) by extensions ['colcon_pkg']
[4.346s] Level 1:colcon.colcon_core.package_identification:_identify(src/turtlebot3_project3) by extension 'colcon_pkg'
[4.347s] Level 1:colcon.colcon_core.package_identification:_identify(src/turtlebot3_project3) by extensions ['colcon_meta']
[4.347s] Level 1:colcon.colcon_core.package_identification:_identify(src/turtlebot3_project3) by extension 'colcon_meta'
[4.347s] Level 1:colcon.colcon_core.package_identification:_identify(src/turtlebot3_project3) by extensions ['ros']
[4.347s] Level 1:colcon.colcon_core.package_identification:_identify(src/turtlebot3_project3) by extension 'ros'
[4.356s] DEBUG:colcon.colcon_core.package_identification:Package 'src/turtlebot3_project3' with type 'ros.ament_cmake' and name 'turtlebot3_project3'
[4.356s] Level 1:colcon.colcon_core.package_discovery:discover_packages(recursive) using defaults
[4.356s] Level 1:colcon.colcon_core.package_discovery:discover_packages(ignore) discover
[4.356s] Level 1:colcon.colcon_core.package_discovery:discover_packages(ignore) using defaults
[4.356s] Level 1:colcon.colcon_core.package_discovery:discover_packages(path) discover
[4.356s] Level 1:colcon.colcon_core.package_discovery:discover_packages(path) using defaults
[4.524s] Level 1:colcon.colcon_core.package_discovery:discover_packages(prefix_path) check parameters
[4.525s] Level 1:colcon.colcon_core.package_discovery:discover_packages(prefix_path) discover
[4.530s] DEBUG:colcon.colcon_installed_package_information.package_discovery:Found 1 installed packages in /home/kshitij/project3_ws/install
[4.535s] DEBUG:colcon.colcon_installed_package_information.package_discovery:Found 392 installed packages in /opt/ros/humble
[4.540s] Level 1:colcon.colcon_core.package_discovery:discover_packages(prefix_path) using defaults
[4.655s] Level 5:colcon.colcon_core.verb:set package 'turtlebot3_project3' build argument 'cmake_args' from command line to 'None'
[4.655s] Level 5:colcon.colcon_core.verb:set package 'turtlebot3_project3' build argument 'cmake_target' from command line to 'None'
[4.656s] Level 5:colcon.colcon_core.verb:set package 'turtlebot3_project3' build argument 'cmake_target_skip_unavailable' from command line to 'False'
[4.656s] Level 5:colcon.colcon_core.verb:set package 'turtlebot3_project3' build argument 'cmake_clean_cache' from command line to 'False'
[4.656s] Level 5:colcon.colcon_core.verb:set package 'turtlebot3_project3' build argument 'cmake_clean_first' from command line to 'False'
[4.656s] Level 5:colcon.colcon_core.verb:set package 'turtlebot3_project3' build argument 'cmake_force_configure' from command line to 'False'
[4.656s] Level 5:colcon.colcon_core.verb:set package 'turtlebot3_project3' build argument 'ament_cmake_args' from command line to 'None'
[4.656s] Level 5:colcon.colcon_core.verb:set package 'turtlebot3_project3' build argument 'catkin_cmake_args' from command line to 'None'
[4.656s] Level 5:colcon.colcon_core.verb:set package 'turtlebot3_project3' build argument 'catkin_skip_building_tests' from command line to 'False'
[4.656s] DEBUG:colcon.colcon_core.verb:Building package 'turtlebot3_project3' with the following arguments: {'ament_cmake_args': None, 'build_base': '/home/kshitij/project3_ws/build/turtlebot3_project3', 'catkin_cmake_args': None, 'catkin_skip_building_tests': False, 'cmake_args': None, 'cmake_clean_cache': False, 'cmake_clean_first': False, 'cmake_force_configure': False, 'cmake_target': None, 'cmake_target_skip_unavailable': False, 'install_base': '/home/kshitij/project3_ws/install/turtlebot3_project3', 'merge_install': False, 'path': '/home/kshitij/project3_ws/src/turtlebot3_project3', 'symlink_install': False, 'test_result_base': None}
[4.656s] INFO:colcon.colcon_core.executor:Executing jobs using 'parallel' executor
[4.658s] DEBUG:colcon.colcon_parallel_executor.executor.parallel:run_until_complete
[4.658s] INFO:colcon.colcon_ros.task.ament_cmake.build:Building ROS package in '/home/kshitij/project3_ws/src/turtlebot3_project3' with build type 'ament_cmake'
[4.658s] INFO:colcon.colcon_cmake.task.cmake.build:Building CMake package in '/home/kshitij/project3_ws/src/turtlebot3_project3'
[4.681s] INFO:colcon.colcon_core.plugin_system:Skipping extension 'colcon_core.shell.bat': Not used on non-Windows systems
[4.681s] INFO:colcon.colcon_core.shell:Skip shell extension 'powershell' for command environment: Not usable outside of PowerShell
[4.681s] DEBUG:colcon.colcon_core.shell:Skip shell extension 'dsv' for command environment
[4.753s] DEBUG:colcon.colcon_core.event_handler.log_command:Invoking command in '/home/kshitij/project3_ws/build/turtlebot3_project3': CMAKE_PREFIX_PATH=${CMAKE_PREFIX_PATH}:/opt/ros/humble /usr/bin/cmake --build /home/kshitij/project3_ws/build/turtlebot3_project3 -- -j12 -l12
[6.109s] DEBUG:colcon.colcon_core.event_handler.log_command:Invoked command in '/home/kshitij/project3_ws/build/turtlebot3_project3' returned '0': CMAKE_PREFIX_PATH=${CMAKE_PREFIX_PATH}:/opt/ros/humble /usr/bin/cmake --build /home/kshitij/project3_ws/build/turtlebot3_project3 -- -j12 -l12
[6.198s] DEBUG:colcon.colcon_core.event_handler.log_command:Invoking command in '/home/kshitij/project3_ws/build/turtlebot3_project3': CMAKE_PREFIX_PATH=${CMAKE_PREFIX_PATH}:/opt/ros/humble /usr/bin/cmake --install /home/kshitij/project3_ws/build/turtlebot3_project3
[6.298s] Level 1:colcon.colcon_core.environment:create_environment_scripts_only(turtlebot3_project3)
[6.299s] DEBUG:colcon.colcon_core.event_handler.log_command:Invoked command in '/home/kshitij/project3_ws/build/turtlebot3_project3' returned '0': CMAKE_PREFIX_PATH=${CMAKE_PREFIX_PATH}:/opt/ros/humble /usr/bin/cmake --install /home/kshitij/project3_ws/build/turtlebot3_project3
[6.341s] Level 1:colcon.colcon_core.environment:checking '/home/kshitij/project3_ws/install/turtlebot3_project3' for CMake module files
[6.342s] Level 1:colcon.colcon_core.environment:checking '/home/kshitij/project3_ws/install/turtlebot3_project3' for CMake config files
[6.342s] Level 1:colcon.colcon_core.shell:create_environment_hook('turtlebot3_project3', 'cmake_prefix_path')
[6.343s] INFO:colcon.colcon_core.shell:Creating environment hook '/home/kshitij/project3_ws/install/turtlebot3_project3/share/turtlebot3_project3/hook/cmake_prefix_path.ps1'
[6.355s] INFO:colcon.colcon_core.shell:Creating environment descriptor '/home/kshitij/project3_ws/install/turtlebot3_project3/share/turtlebot3_project3/hook/cmake_prefix_path.dsv'
[6.364s] INFO:colcon.colcon_core.shell:Creating environment hook '/home/kshitij/project3_ws/install/turtlebot3_project3/share/turtlebot3_project3/hook/cmake_prefix_path.sh'
[6.366s] Level 1:colcon.colcon_core.environment:checking '/home/kshitij/project3_ws/install/turtlebot3_project3/lib'
[6.366s] Level 1:colcon.colcon_core.environment:checking '/home/kshitij/project3_ws/install/turtlebot3_project3/bin'
[6.367s] Level 1:colcon.colcon_core.environment:checking '/home/kshitij/project3_ws/install/turtlebot3_project3/lib/pkgconfig/turtlebot3_project3.pc'
[6.367s] Level 1:colcon.colcon_core.environment:checking '/home/kshitij/project3_ws/install/turtlebot3_project3/lib/python3.10/site-packages'
[6.368s] Level 1:colcon.colcon_core.environment:checking '/home/kshitij/project3_ws/install/turtlebot3_project3/bin'
[6.369s] INFO:colcon.colcon_core.shell:Creating package script '/home/kshitij/project3_ws/install/turtlebot3_project3/share/turtlebot3_project3/package.ps1'
[6.371s] INFO:colcon.colcon_core.shell:Creating package descriptor '/home/kshitij/project3_ws/install/turtlebot3_project3/share/turtlebot3_project3/package.dsv'
[6.372s] INFO:colcon.colcon_core.shell:Creating package script '/home/kshitij/project3_ws/install/turtlebot3_project3/share/turtlebot3_project3/package.sh'
[6.374s] INFO:colcon.colcon_core.shell:Creating package script '/home/kshitij/project3_ws/install/turtlebot3_project3/share/turtlebot3_project3/package.bash'
[6.384s] INFO:colcon.colcon_core.shell:Creating package script '/home/kshitij/project3_ws/install/turtlebot3_project3/share/turtlebot3_project3/package.zsh'
[6.402s] Level 1:colcon.colcon_core.environment:create_file_with_runtime_dependencies(/home/kshitij/project3_ws/install/turtlebot3_project3/share/colcon-core/packages/turtlebot3_project3)
[6.454s] Level 1:colcon.colcon_core.environment:create_environment_scripts_only(turtlebot3_project3)
[6.455s] Level 1:colcon.colcon_core.environment:checking '/home/kshitij/project3_ws/install/turtlebot3_project3' for CMake module files
[6.457s] Level 1:colcon.colcon_core.environment:checking '/home/kshitij/project3_ws/install/turtlebot3_project3' for CMake config files
[6.458s] Level 1:colcon.colcon_core.shell:create_environment_hook('turtlebot3_project3', 'cmake_prefix_path')
[6.459s] INFO:colcon.colcon_core.shell:Creating environment hook '/home/kshitij/project3_ws/install/turtlebot3_project3/share/turtlebot3_project3/hook/cmake_prefix_path.ps1'
[6.460s] INFO:colcon.colcon_core.shell:Creating environment descriptor '/home/kshitij/project3_ws/install/turtlebot3_project3/share/turtlebot3_project3/hook/cmake_prefix_path.dsv'
[6.462s] INFO:colcon.colcon_core.shell:Creating environment hook '/home/kshitij/project3_ws/install/turtlebot3_project3/share/turtlebot3_project3/hook/cmake_prefix_path.sh'
[6.464s] Level 1:colcon.colcon_core.environment:checking '/home/kshitij/project3_ws/install/turtlebot3_project3/lib'
[6.464s] Level 1:colcon.colcon_core.environment:checking '/home/kshitij/project3_ws/install/turtlebot3_project3/bin'
[6.464s] Level 1:colcon.colcon_core.environment:checking '/home/kshitij/project3_ws/install/turtlebot3_project3/lib/pkgconfig/turtlebot3_project3.pc'
[6.465s] Level 1:colcon.colcon_core.environment:checking '/home/kshitij/project3_ws/install/turtlebot3_project3/lib/python3.10/site-packages'
[6.466s] Level 1:colcon.colcon_core.environment:checking '/home/kshitij/project3_ws/install/turtlebot3_project3/bin'
[6.467s] INFO:colcon.colcon_core.shell:Creating package script '/home/kshitij/project3_ws/install/turtlebot3_project3/share/turtlebot3_project3/package.ps1'
[6.469s] INFO:colcon.colcon_core.shell:Creating package descriptor '/home/kshitij/project3_ws/install/turtlebot3_project3/share/turtlebot3_project3/package.dsv'
[6.471s] INFO:colcon.colcon_core.shell:Creating package script '/home/kshitij/project3_ws/install/turtlebot3_project3/share/turtlebot3_project3/package.sh'
[6.472s] INFO:colcon.colcon_core.shell:Creating package script '/home/kshitij/project3_ws/install/turtlebot3_project3/share/turtlebot3_project3/package.bash'
[6.474s] INFO:colcon.colcon_core.shell:Creating package script '/home/kshitij/project3_ws/install/turtlebot3_project3/share/turtlebot3_project3/package.zsh'
[6.475s] Level 1:colcon.colcon_core.environment:create_file_with_runtime_dependencies(/home/kshitij/project3_ws/install/turtlebot3_project3/share/colcon-core/packages/turtlebot3_project3)
[6.476s] DEBUG:colcon.colcon_parallel_executor.executor.parallel:closing loop
[6.477s] DEBUG:colcon.colcon_parallel_executor.executor.parallel:loop closed
[6.477s] DEBUG:colcon.colcon_parallel_executor.executor.parallel:run_until_complete finished with '0'
[6.477s] DEBUG:colcon.colcon_core.event_reactor:joining thread
[6.514s] INFO:colcon.colcon_core.plugin_system:Skipping extension 'colcon_notification.desktop_notification.terminal_notifier': Not used on non-Darwin systems
[6.515s] INFO:colcon.colcon_core.plugin_system:Skipping extension 'colcon_notification.desktop_notification.win32': Not used on non-Windows systems
[6.515s] INFO:colcon.colcon_notification.desktop_notification:Sending desktop notification using 'notify2'
[6.556s] DEBUG:colcon.colcon_core.event_reactor:joined thread
[6.557s] INFO:colcon.colcon_core.shell:Creating prefix script '/home/kshitij/project3_ws/install/local_setup.ps1'
[6.575s] INFO:colcon.colcon_core.shell:Creating prefix util module '/home/kshitij/project3_ws/install/_local_setup_util_ps1.py'
[6.578s] INFO:colcon.colcon_core.shell:Creating prefix chain script '/home/kshitij/project3_ws/install/setup.ps1'
[6.584s] INFO:colcon.colcon_core.shell:Creating prefix script '/home/kshitij/project3_ws/install/local_setup.sh'
[6.585s] INFO:colcon.colcon_core.shell:Creating prefix util module '/home/kshitij/project3_ws/install/_local_setup_util_sh.py'
[6.586s] INFO:colcon.colcon_core.shell:Creating prefix chain script '/home/kshitij/project3_ws/install/setup.sh'
[6.587s] INFO:colcon.colcon_core.shell:Creating prefix script '/home/kshitij/project3_ws/install/local_setup.bash'
[6.588s] INFO:colcon.colcon_core.shell:Creating prefix chain script '/home/kshitij/project3_ws/install/setup.bash'
[6.590s] INFO:colcon.colcon_core.shell:Creating prefix script '/home/kshitij/project3_ws/install/local_setup.zsh'
[6.591s] INFO:colcon.colcon_core.shell:Creating prefix chain script '/home/kshitij/project3_ws/install/setup.zsh'
