[0.018s] Invoking command in '/home/kshitij/project3_ws/build/turtlebot3_project3': CMAKE_PREFIX_PATH=${CMAKE_PREFIX_PATH}:/opt/ros/humble /usr/bin/cmake --build /home/kshitij/project3_ws/build/turtlebot3_project3 -- -j12 -l12
[0.110s] [100%] Built target turtlebot3_drive
[0.127s] Invoked command in '/home/kshitij/project3_ws/build/turtlebot3_project3' returned '0': CMAKE_PREFIX_PATH=${CMAKE_PREFIX_PATH}:/opt/ros/humble /usr/bin/cmake --build /home/kshitij/project3_ws/build/turtlebot3_project3 -- -j12 -l12
[0.187s] Invoking command in '/home/kshitij/project3_ws/build/turtlebot3_project3': CMAKE_PREFIX_PATH=${CMAKE_PREFIX_PATH}:/opt/ros/humble /usr/bin/cmake --install /home/kshitij/project3_ws/build/turtlebot3_project3
[0.200s] -- Install configuration: ""
[0.200s] -- Up-to-date: /home/kshitij/project3_ws/install/turtlebot3_project3/lib/turtlebot3_project3/turtlebot3_drive
[0.201s] -- Up-to-date: /home/kshitij/project3_ws/install/turtlebot3_project3/share/turtlebot3_project3//launch
[0.201s] -- Up-to-date: /home/kshitij/project3_ws/install/turtlebot3_project3/share/turtlebot3_project3//launch/competition_world.launch.py
[0.201s] -- Up-to-date: /home/kshitij/project3_ws/install/turtlebot3_project3/share/turtlebot3_project3//launch/robot_state_publisher.launch.py
[0.201s] -- Up-to-date: /home/kshitij/project3_ws/install/turtlebot3_project3/share/turtlebot3_project3//launch/spawn_turtlebot3.launch.py
[0.201s] -- Up-to-date: /home/kshitij/project3_ws/install/turtlebot3_project3/share/turtlebot3_project3//launch/empty_world.launch.py
[0.202s] -- Up-to-date: /home/kshitij/project3_ws/install/turtlebot3_project3/share/turtlebot3_project3//models
[0.202s] -- Up-to-date: /home/kshitij/project3_ws/install/turtlebot3_project3/share/turtlebot3_project3//models/turtlebot3_world
[0.202s] -- Up-to-date: /home/kshitij/project3_ws/install/turtlebot3_project3/share/turtlebot3_project3//models/turtlebot3_world/model.sdf
[0.202s] -- Up-to-date: /home/kshitij/project3_ws/install/turtlebot3_project3/share/turtlebot3_project3//models/turtlebot3_world/model-1_4.sdf
[0.202s] -- Up-to-date: /home/kshitij/project3_ws/install/turtlebot3_project3/share/turtlebot3_project3//models/turtlebot3_world/meshes
[0.202s] -- Up-to-date: /home/kshitij/project3_ws/install/turtlebot3_project3/share/turtlebot3_project3//models/turtlebot3_world/meshes/wall.dae
[0.203s] -- Up-to-date: /home/kshitij/project3_ws/install/turtlebot3_project3/share/turtlebot3_project3//models/turtlebot3_world/meshes/hexagon.dae
[0.203s] -- Up-to-date: /home/kshitij/project3_ws/install/turtlebot3_project3/share/turtlebot3_project3//models/turtlebot3_world/model.config
[0.203s] -- Up-to-date: /home/kshitij/project3_ws/install/turtlebot3_project3/share/turtlebot3_project3//models/turtlebot3_waffle
[0.204s] -- Up-to-date: /home/kshitij/project3_ws/install/turtlebot3_project3/share/turtlebot3_project3//models/turtlebot3_waffle/model.sdf
[0.204s] -- Up-to-date: /home/kshitij/project3_ws/install/turtlebot3_project3/share/turtlebot3_project3//models/turtlebot3_waffle/model-1_4.sdf
[0.204s] -- Up-to-date: /home/kshitij/project3_ws/install/turtlebot3_project3/share/turtlebot3_project3//models/turtlebot3_waffle/model.config
[0.204s] -- Up-to-date: /home/kshitij/project3_ws/install/turtlebot3_project3/share/turtlebot3_project3//models/turtlebot3_common
[0.205s] -- Up-to-date: /home/kshitij/project3_ws/install/turtlebot3_project3/share/turtlebot3_project3//models/turtlebot3_common/meshes
[0.205s] -- Up-to-date: /home/kshitij/project3_ws/install/turtlebot3_project3/share/turtlebot3_project3//models/turtlebot3_common/meshes/r200.dae
[0.205s] -- Up-to-date: /home/kshitij/project3_ws/install/turtlebot3_project3/share/turtlebot3_project3//models/turtlebot3_common/meshes/lds.dae
[0.205s] -- Up-to-date: /home/kshitij/project3_ws/install/turtlebot3_project3/share/turtlebot3_project3//models/turtlebot3_common/meshes/burger_base.dae
[0.205s] -- Up-to-date: /home/kshitij/project3_ws/install/turtlebot3_project3/share/turtlebot3_project3//models/turtlebot3_common/meshes/waffle_base.dae
[0.205s] -- Up-to-date: /home/kshitij/project3_ws/install/turtlebot3_project3/share/turtlebot3_project3//models/turtlebot3_common/meshes/waffle_pi_base.dae
[0.206s] -- Up-to-date: /home/kshitij/project3_ws/install/turtlebot3_project3/share/turtlebot3_project3//models/turtlebot3_common/meshes/tire.dae
[0.206s] -- Up-to-date: /home/kshitij/project3_ws/install/turtlebot3_project3/share/turtlebot3_project3//models/turtlebot3_common/model.config
[0.207s] -- Up-to-date: /home/kshitij/project3_ws/install/turtlebot3_project3/share/turtlebot3_project3//rviz
[0.207s] -- Up-to-date: /home/kshitij/project3_ws/install/turtlebot3_project3/share/turtlebot3_project3//rviz/tb3_gazebo.rviz
[0.208s] -- Up-to-date: /home/kshitij/project3_ws/install/turtlebot3_project3/share/turtlebot3_project3//urdf
[0.209s] -- Up-to-date: /home/kshitij/project3_ws/install/turtlebot3_project3/share/turtlebot3_project3//urdf/common_properties.urdf
[0.209s] -- Up-to-date: /home/kshitij/project3_ws/install/turtlebot3_project3/share/turtlebot3_project3//urdf/turtlebot3_waffle.urdf
[0.210s] -- Up-to-date: /home/kshitij/project3_ws/install/turtlebot3_project3/share/turtlebot3_project3//worlds
[0.210s] -- Up-to-date: /home/kshitij/project3_ws/install/turtlebot3_project3/share/turtlebot3_project3//worlds/empty_world.world
[0.210s] -- Up-to-date: /home/kshitij/project3_ws/install/turtlebot3_project3/share/turtlebot3_project3//worlds/competition_world.world
[0.210s] -- Up-to-date: /home/kshitij/project3_ws/install/turtlebot3_project3/include/
[0.210s] -- Up-to-date: /home/kshitij/project3_ws/install/turtlebot3_project3/include//turtlebot3_project3
[0.211s] -- Up-to-date: /home/kshitij/project3_ws/install/turtlebot3_project3/include//turtlebot3_project3/turtlebot3_drive.hpp
[0.211s] -- Up-to-date: /home/kshitij/project3_ws/install/turtlebot3_project3/lib/turtlebot3_project3/teleop.py
[0.211s] [31mCMake Error at cmake_install.cmake:80 (file):
[0.211s]   file INSTALL cannot find
[0.211s]   "/home/kshitij/project3_ws/src/turtlebot3_project3/scripts/new.py": No such
[0.211s]   file or directory.
[0.211s] 
[0.211s] [0m
[0.212s] Invoked command in '/home/kshitij/project3_ws/build/turtlebot3_project3' returned '1': CMAKE_PREFIX_PATH=${CMAKE_PREFIX_PATH}:/opt/ros/humble /usr/bin/cmake --install /home/kshitij/project3_ws/build/turtlebot3_project3
